1503341273003	geckodriver	INFO	geckodriver 0.18.0
1503341273043	geckodriver	INFO	Listening on 127.0.0.1:61952
1503341275205	geckodriver::marionette	INFO	Starting browser C:\Program Files (x86)\Mozilla Firefox\firefox.exe with args ["-marionette"]
1503341276643	addons.manager	DEBUG	Application has been upgraded
1503341276869	addons.manager	DEBUG	Loaded provider scope for resource://gre/modules/addons/XPIProvider.jsm: ["XPIProvider"]
1503341276876	addons.manager	DEBUG	Loaded provider scope for resource://gre/modules/LightweightThemeManager.jsm: ["LightweightThemeManager"]
1503341276889	addons.manager	DEBUG	Loaded provider scope for resource://gre/modules/addons/GMPProvider.jsm
1503341276898	addons.manager	DEBUG	Loaded provider scope for resource://gre/modules/addons/PluginProvider.jsm
1503341276901	addons.manager	DEBUG	Starting provider: XPIProvider
1503341276901	addons.xpi	DEBUG	startup
1503341276903	addons.xpi	INFO	Removing all system add-on upgrades.
1503341276905	addons.xpi	INFO	SystemAddonInstallLocation directory is missing
1503341276909	addons.xpi	INFO	Mapping aushelper@mozilla.org to C:\Program Files (x86)\Mozilla Firefox\browser\features\aushelper@mozilla.org.xpi
1503341276910	addons.xpi	INFO	Mapping e10srollout@mozilla.org to C:\Program Files (x86)\Mozilla Firefox\browser\features\e10srollout@mozilla.org.xpi
1503341276912	addons.xpi	INFO	Mapping firefox@getpocket.com to C:\Program Files (x86)\Mozilla Firefox\browser\features\firefox@getpocket.com.xpi
1503341276913	addons.xpi	INFO	Mapping screenshots@mozilla.org to C:\Program Files (x86)\Mozilla Firefox\browser\features\screenshots@mozilla.org.xpi
1503341276914	addons.xpi	INFO	Mapping webcompat@mozilla.org to C:\Program Files (x86)\Mozilla Firefox\browser\features\webcompat@mozilla.org.xpi
1503341276916	addons.xpi	INFO	Mapping {972ce4c6-7e08-4474-a285-3208198ce6fd} to C:\Program Files (x86)\Mozilla Firefox\browser\extensions\{972ce4c6-7e08-4474-a285-3208198ce6fd}.xpi
1503341276917	addons.xpi	DEBUG	checkForChanges
1503341276918	addons.xpi	INFO	SystemAddonInstallLocation directory is missing
1503341276920	addons.xpi	DEBUG	Loaded add-on state from prefs: {}
1503341276922	addons.xpi	DEBUG	New add-on aushelper@mozilla.org in app-system-defaults
1503341276924	addons.xpi	DEBUG	getModTime: Recursive scan of aushelper@mozilla.org
1503341276927	addons.xpi	DEBUG	New add-on e10srollout@mozilla.org in app-system-defaults
1503341276929	addons.xpi	DEBUG	getModTime: Recursive scan of e10srollout@mozilla.org
1503341276931	addons.xpi	DEBUG	New add-on firefox@getpocket.com in app-system-defaults
1503341276933	addons.xpi	DEBUG	getModTime: Recursive scan of firefox@getpocket.com
1503341276934	addons.xpi	DEBUG	New add-on screenshots@mozilla.org in app-system-defaults
1503341276935	addons.xpi	DEBUG	getModTime: Recursive scan of screenshots@mozilla.org
1503341276936	addons.xpi	DEBUG	New add-on webcompat@mozilla.org in app-system-defaults
1503341276937	addons.xpi	DEBUG	getModTime: Recursive scan of webcompat@mozilla.org
1503341276939	addons.xpi	DEBUG	New add-on {972ce4c6-7e08-4474-a285-3208198ce6fd} in app-global
1503341276939	addons.xpi	DEBUG	getModTime: Recursive scan of {972ce4c6-7e08-4474-a285-3208198ce6fd}
1503341276941	addons.xpi	DEBUG	getInstallState changed: true, state: {"app-system-defaults":{"aushelper@mozilla.org":{"d":"C:\\Program Files (x86)\\Mozilla Firefox\\browser\\features\\aushelper@mozilla.org.xpi","st":1501665921860},"e10srollout@mozilla.org":{"d":"C:\\Program Files (x86)\\Mozilla Firefox\\browser\\features\\e10srollout@mozilla.org.xpi","st":1501665921774},"firefox@getpocket.com":{"d":"C:\\Program Files (x86)\\Mozilla Firefox\\browser\\features\\firefox@getpocket.com.xpi","st":1501665921730},"screenshots@mozilla.org":{"d":"C:\\Program Files (x86)\\Mozilla Firefox\\browser\\features\\screenshots@mozilla.org.xpi","st":1501582795210},"webcompat@mozilla.org":{"d":"C:\\Program Files (x86)\\Mozilla Firefox\\browser\\features\\webcompat@mozilla.org.xpi","st":1501665921675}},"app-global":{"{972ce4c6-7e08-4474-a285-3208198ce6fd}":{"d":"C:\\Program Files (x86)\\Mozilla Firefox\\browser\\extensions\\{972ce4c6-7e08-4474-a285-3208198ce6fd}.xpi","st":1501665921914}}}
1503341276973	addons.xpi-utils	DEBUG	Opening XPI database C:\Users\imhas\AppData\Local\Temp\rust_mozprofile.0UknbFgx7VEc\extensions.json
1503341276978	addons.xpi-utils	DEBUG	New add-on aushelper@mozilla.org installed in app-system-defaults
*** Blocklist::_loadBlocklistFromFile: blocklist is disabled
1503341277024	DeferredSave.extensions.json	DEBUG	Save changes
1503341277030	addons.xpi-utils	DEBUG	New add-on e10srollout@mozilla.org installed in app-system-defaults
1503341277038	DeferredSave.extensions.json	DEBUG	Starting timer
1503341277042	DeferredSave.extensions.json	DEBUG	Save changes
1503341277043	addons.xpi-utils	DEBUG	New add-on firefox@getpocket.com installed in app-system-defaults
1503341277057	DeferredSave.extensions.json	DEBUG	Save changes
1503341277057	addons.xpi-utils	DEBUG	New add-on screenshots@mozilla.org installed in app-system-defaults
1503341277076	DeferredSave.extensions.json	DEBUG	Save changes
1503341277079	addons.xpi-utils	DEBUG	New add-on webcompat@mozilla.org installed in app-system-defaults
1503341277099	DeferredSave.extensions.json	DEBUG	Save changes
1503341277099	addons.xpi-utils	DEBUG	New add-on {972ce4c6-7e08-4474-a285-3208198ce6fd} installed in app-global
1503341277108	DeferredSave.extensions.json	DEBUG	Save changes
1503341277112	addons.manager	DEBUG	Registering startup change 'installed' for aushelper@mozilla.org
1503341277137	addons.xpi	DEBUG	Loading bootstrap scope from C:\Program Files (x86)\Mozilla Firefox\browser\features\aushelper@mozilla.org.xpi
1503341277148	addons.xpi	DEBUG	Calling bootstrap method install on aushelper@mozilla.org version 2.0
1503341277148	addons.xpi-utils	DEBUG	Make addon app-system-defaults:aushelper@mozilla.org visible
1503341277149	DeferredSave.extensions.json	DEBUG	Save changes
1503341277151	addons.manager	DEBUG	Registering startup change 'installed' for e10srollout@mozilla.org
1503341277152	addons.xpi	DEBUG	Loading bootstrap scope from C:\Program Files (x86)\Mozilla Firefox\browser\features\e10srollout@mozilla.org.xpi
1503341277158	addons.xpi	DEBUG	Calling bootstrap method install on e10srollout@mozilla.org version 1.50
1503341277161	addons.xpi-utils	DEBUG	Make addon app-system-defaults:e10srollout@mozilla.org visible
1503341277162	DeferredSave.extensions.json	DEBUG	Save changes
1503341277163	addons.manager	DEBUG	Registering startup change 'installed' for firefox@getpocket.com
1503341277164	addons.xpi	DEBUG	Loading bootstrap scope from C:\Program Files (x86)\Mozilla Firefox\browser\features\firefox@getpocket.com.xpi
1503341277173	addons.xpi	DEBUG	Calling bootstrap method install on firefox@getpocket.com version 1.0.5
1503341277173	addons.xpi-utils	DEBUG	Make addon app-system-defaults:firefox@getpocket.com visible
1503341277174	DeferredSave.extensions.json	DEBUG	Save changes
1503341277174	addons.manager	DEBUG	Registering startup change 'installed' for screenshots@mozilla.org
1503341277176	addons.xpi	DEBUG	Loading bootstrap scope from C:\Program Files (x86)\Mozilla Firefox\browser\features\screenshots@mozilla.org.xpi
1503341277181	addons.xpi	DEBUG	Calling bootstrap method install on screenshots@mozilla.org version 6.6.0
1503341277182	addons.xpi-utils	DEBUG	Make addon app-system-defaults:screenshots@mozilla.org visible
1503341277183	DeferredSave.extensions.json	DEBUG	Save changes
1503341277184	addons.manager	DEBUG	Registering startup change 'installed' for webcompat@mozilla.org
1503341277184	addons.xpi	DEBUG	Loading bootstrap scope from C:\Program Files (x86)\Mozilla Firefox\browser\features\webcompat@mozilla.org.xpi
1503341277189	addons.xpi	DEBUG	Calling bootstrap method install on webcompat@mozilla.org version 1.1
1503341277189	addons.xpi-utils	DEBUG	Make addon app-system-defaults:webcompat@mozilla.org visible
1503341277190	DeferredSave.extensions.json	DEBUG	Save changes
1503341277191	addons.xpi-utils	DEBUG	Make addon app-global:{972ce4c6-7e08-4474-a285-3208198ce6fd} visible
1503341277192	DeferredSave.extensions.json	DEBUG	Save changes
1503341277193	addons.xpi	DEBUG	Updating XPIState for {"id":"aushelper@mozilla.org","syncGUID":"{9930b441-1907-4879-a2aa-4e33b3db8307}","location":"app-system-defaults","version":"2.0","type":"extension","internalName":null,"updateURL":null,"updateKey":null,"optionsURL":null,"optionsType":null,"aboutURL":null,"icons":{},"iconURL":null,"icon64URL":null,"defaultLocale":{"name":"Application Update Service Helper","description":"Sets value(s) in the update url based on custom checks.","creator":null,"homepageURL":null},"visible":true,"active":true,"userDisabled":false,"appDisabled":false,"descriptor":"C:\\Program Files (x86)\\Mozilla Firefox\\browser\\features\\aushelper@mozilla.org.xpi","installDate":1501665921860,"updateDate":1501665921860,"applyBackgroundUpdates":1,"bootstrap":true,"skinnable":false,"size":8488,"sourceURI":null,"releaseNotesURI":null,"softDisabled":false,"foreignInstall":false,"hasBinaryComponents":false,"strictCompatibility":false,"locales":[],"targetApplications":[{"id":"{ec8030f7-c20a-464f-9b0e-13a3a9e97384}","minVersion":"54.0.1","maxVersion":"54.*"}],"targetPlatforms":[],"multiprocessCompatible":true,"seen":true,"dependencies":[],"hasEmbeddedWebExtension":false,"mpcOptedOut":false,"userPermissions":null}
1503341277193	addons.xpi	DEBUG	getModTime: Recursive scan of aushelper@mozilla.org
1503341277194	addons.xpi	DEBUG	Updating XPIState for {"id":"e10srollout@mozilla.org","syncGUID":"{b823a1b0-5ae1-4ae9-a3ca-1c93cca34682}","location":"app-system-defaults","version":"1.50","type":"extension","internalName":null,"updateURL":null,"updateKey":null,"optionsURL":null,"optionsType":null,"aboutURL":null,"icons":{},"iconURL":null,"icon64URL":null,"defaultLocale":{"name":"Multi-process staged rollout","description":"Staged rollout of Firefox multi-process feature.","creator":null,"homepageURL":null},"visible":true,"active":true,"userDisabled":false,"appDisabled":false,"descriptor":"C:\\Program Files (x86)\\Mozilla Firefox\\browser\\features\\e10srollout@mozilla.org.xpi","installDate":1501665921774,"updateDate":1501665921774,"applyBackgroundUpdates":1,"bootstrap":true,"skinnable":false,"size":12519,"sourceURI":null,"releaseNotesURI":null,"softDisabled":false,"foreignInstall":false,"hasBinaryComponents":false,"strictCompatibility":false,"locales":[],"targetApplications":[{"id":"{ec8030f7-c20a-464f-9b0e-13a3a9e97384}","minVersion":"54.0.1","maxVersion":"54.*"}],"targetPlatforms":[],"multiprocessCompatible":true,"seen":true,"dependencies":[],"hasEmbeddedWebExtension":false,"mpcOptedOut":false,"userPermissions":null}
1503341277195	addons.xpi	DEBUG	getModTime: Recursive scan of e10srollout@mozilla.org
1503341277196	addons.xpi	DEBUG	Updating XPIState for {"id":"firefox@getpocket.com","syncGUID":"{85ae862f-df6e-44b1-84a8-5a6ce24c41cb}","location":"app-system-defaults","version":"1.0.5","type":"extension","internalName":null,"updateURL":null,"updateKey":null,"optionsURL":null,"optionsType":null,"aboutURL":null,"icons":{},"iconURL":null,"icon64URL":null,"defaultLocale":{"name":"Pocket","description":"When you find something you want to view later, put it in Pocket.","creator":null,"homepageURL":null},"visible":true,"active":true,"userDisabled":false,"appDisabled":false,"descriptor":"C:\\Program Files (x86)\\Mozilla Firefox\\browser\\features\\firefox@getpocket.com.xpi","installDate":1501665921730,"updateDate":1501665921730,"applyBackgroundUpdates":1,"bootstrap":true,"skinnable":false,"size":913906,"sourceURI":null,"releaseNotesURI":null,"softDisabled":false,"foreignInstall":false,"hasBinaryComponents":false,"strictCompatibility":false,"locales":[],"targetApplications":[{"id":"{ec8030f7-c20a-464f-9b0e-13a3a9e97384}","minVersion":"54.0.1","maxVersion":"54.*"}],"targetPlatforms":[],"multiprocessCompatible":true,"seen":true,"dependencies":[],"hasEmbeddedWebExtension":false,"mpcOptedOut":false,"userPermissions":null}
1503341277196	addons.xpi	DEBUG	getModTime: Recursive scan of firefox@getpocket.com
1503341277197	addons.xpi	DEBUG	Updating XPIState for {"id":"screenshots@mozilla.org","syncGUID":"{55c6bb4d-aa70-4c14-923e-de9b7544adb4}","location":"app-system-defaults","version":"6.6.0","type":"extension","internalName":null,"updateURL":null,"updateKey":null,"optionsURL":null,"optionsType":null,"aboutURL":null,"icons":{},"iconURL":null,"icon64URL":null,"defaultLocale":{"name":"Firefox Screenshots","description":null,"creator":null,"homepageURL":"https://pageshot.net/"},"visible":true,"active":true,"userDisabled":false,"appDisabled":false,"descriptor":"C:\\Program Files (x86)\\Mozilla Firefox\\browser\\features\\screenshots@mozilla.org.xpi","installDate":1501582795210,"updateDate":1501582795210,"applyBackgroundUpdates":1,"bootstrap":true,"skinnable":false,"size":716271,"sourceURI":null,"releaseNotesURI":null,"softDisabled":false,"foreignInstall":false,"hasBinaryComponents":false,"strictCompatibility":false,"locales":[],"targetApplications":[{"id":"{ec8030f7-c20a-464f-9b0e-13a3a9e97384}","minVersion":"51.0a1","maxVersion":"*"}],"targetPlatforms":[],"multiprocessCompatible":true,"seen":true,"dependencies":[],"hasEmbeddedWebExtension":false,"mpcOptedOut":false,"userPermissions":null}
1503341277197	addons.xpi	DEBUG	getModTime: Recursive scan of screenshots@mozilla.org
1503341277198	addons.xpi	DEBUG	Updating XPIState for {"id":"webcompat@mozilla.org","syncGUID":"{42575db1-d8bd-4e8b-9b46-d1a318fd2b09}","location":"app-system-defaults","version":"1.1","type":"extension","internalName":null,"updateURL":null,"updateKey":null,"optionsURL":null,"optionsType":null,"aboutURL":null,"icons":{},"iconURL":null,"icon64URL":null,"defaultLocale":{"name":"Web Compat","description":"Urgent post-release fixes for web compatibility.","creator":null,"homepageURL":null},"visible":true,"active":true,"userDisabled":false,"appDisabled":false,"descriptor":"C:\\Program Files (x86)\\Mozilla Firefox\\browser\\features\\webcompat@mozilla.org.xpi","installDate":1501665921675,"updateDate":1501665921675,"applyBackgroundUpdates":1,"bootstrap":true,"skinnable":false,"size":9006,"sourceURI":null,"releaseNotesURI":null,"softDisabled":false,"foreignInstall":false,"hasBinaryComponents":false,"strictCompatibility":false,"locales":[],"targetApplications":[{"id":"{ec8030f7-c20a-464f-9b0e-13a3a9e97384}","minVersion":"54.0.1","maxVersion":"54.*"}],"targetPlatforms":[],"multiprocessCompatible":true,"seen":true,"dependencies":[],"hasEmbeddedWebExtension":false,"mpcOptedOut":false,"userPermissions":null}
1503341277199	addons.xpi	DEBUG	getModTime: Recursive scan of webcompat@mozilla.org
1503341277200	addons.xpi	DEBUG	Updating XPIState for {"id":"{972ce4c6-7e08-4474-a285-3208198ce6fd}","syncGUID":"{829f7780-6c3a-4b31-83c1-d60e650c44bd}","location":"app-global","version":"54.0.1","type":"theme","internalName":"classic/1.0","updateURL":null,"updateKey":null,"optionsURL":null,"optionsType":null,"aboutURL":null,"icons":{},"iconURL":"chrome://browser/content/default-theme-icon.svg","icon64URL":null,"defaultLocale":{"name":"Default","description":"The default theme.","creator":"Mozilla","homepageURL":null,"contributors":["Mozilla Contributors"]},"visible":true,"active":true,"userDisabled":false,"appDisabled":false,"descriptor":"C:\\Program Files (x86)\\Mozilla Firefox\\browser\\extensions\\{972ce4c6-7e08-4474-a285-3208198ce6fd}.xpi","installDate":1501665921914,"updateDate":1501665921914,"applyBackgroundUpdates":1,"skinnable":true,"size":8207,"sourceURI":null,"releaseNotesURI":null,"softDisabled":false,"foreignInstall":false,"hasBinaryComponents":false,"strictCompatibility":true,"locales":[],"targetApplications":[{"id":"{ec8030f7-c20a-464f-9b0e-13a3a9e97384}","minVersion":"54.0.1","maxVersion":"54.0.1"}],"targetPlatforms":[],"seen":true,"dependencies":[],"hasEmbeddedWebExtension":false,"userPermissions":null}
1503341277200	addons.xpi	DEBUG	getModTime: Recursive scan of {972ce4c6-7e08-4474-a285-3208198ce6fd}
1503341277202	DeferredSave.extensions.json	DEBUG	Save changes
1503341277202	addons.xpi	DEBUG	Updating database with changes to installed add-ons
1503341277202	addons.xpi-utils	DEBUG	Updating add-on states
1503341277204	addons.xpi-utils	DEBUG	Writing add-ons list
1503341277213	addons.xpi	DEBUG	Registering manifest for C:\Program Files (x86)\Mozilla Firefox\browser\features\aushelper@mozilla.org.xpi
1503341277214	addons.xpi	DEBUG	Calling bootstrap method startup on aushelper@mozilla.org version 2.0
1503341277217	addons.xpi	DEBUG	Registering manifest for C:\Program Files (x86)\Mozilla Firefox\browser\features\e10srollout@mozilla.org.xpi
1503341277219	addons.xpi	DEBUG	Calling bootstrap method startup on e10srollout@mozilla.org version 1.50
1503341277220	addons.xpi	DEBUG	Registering manifest for C:\Program Files (x86)\Mozilla Firefox\browser\features\firefox@getpocket.com.xpi
1503341277221	addons.xpi	DEBUG	Calling bootstrap method startup on firefox@getpocket.com version 1.0.5
1503341277223	addons.xpi	DEBUG	Registering manifest for C:\Program Files (x86)\Mozilla Firefox\browser\features\screenshots@mozilla.org.xpi
1503341277224	addons.xpi	DEBUG	Calling bootstrap method startup on screenshots@mozilla.org version 6.6.0
1503341277225	addons.xpi	DEBUG	Registering manifest for C:\Program Files (x86)\Mozilla Firefox\browser\features\webcompat@mozilla.org.xpi
1503341277227	addons.xpi	DEBUG	Calling bootstrap method startup on webcompat@mozilla.org version 1.1
1503341277246	addons.manager	DEBUG	Registering shutdown blocker for XPIProvider
1503341277248	addons.manager	DEBUG	Provider finished startup: XPIProvider
1503341277250	addons.manager	DEBUG	Starting provider: LightweightThemeManager
1503341277250	addons.manager	DEBUG	Registering shutdown blocker for LightweightThemeManager
1503341277251	addons.manager	DEBUG	Provider finished startup: LightweightThemeManager
1503341277252	addons.manager	DEBUG	Starting provider: GMPProvider
1503341277266	addons.manager	DEBUG	Registering shutdown blocker for GMPProvider
1503341277267	addons.manager	DEBUG	Provider finished startup: GMPProvider
1503341277267	addons.manager	DEBUG	Starting provider: PluginProvider
1503341277268	addons.manager	DEBUG	Registering shutdown blocker for PluginProvider
1503341277268	addons.manager	DEBUG	Provider finished startup: PluginProvider
1503341277269	addons.manager	DEBUG	Completed startup sequence
1503341279880	addons.manager	DEBUG	Starting provider: <unnamed-provider>
1503341279882	addons.manager	DEBUG	Registering shutdown blocker for <unnamed-provider>
1503341279883	addons.manager	DEBUG	Provider finished startup: <unnamed-provider>
1503341280017	addons.manager	DEBUG	Starting provider: PreviousExperimentProvider
1503341280018	addons.manager	DEBUG	Registering shutdown blocker for PreviousExperimentProvider
1503341280019	addons.manager	DEBUG	Provider finished startup: PreviousExperimentProvider
1503341280035	DeferredSave.extensions.json	DEBUG	Starting write
1503341280424	DeferredSave.extensions.json	DEBUG	Write succeeded
1503341280426	addons.xpi-utils	DEBUG	XPI Database saved, setting schema version preference to 19
1503341283028	Marionette	INFO	Listening on port 61975
1503341283617	Marionette	WARN	TLS certificate errors will be ignored for this session
1503341283709	Marionette	DEBUG	loaded listener.js
1503341284048	Marionette	DEBUG	Received DOM event "beforeunload" for "about:blank"
1503341285343	Marionette	DEBUG	Received DOM event "pagehide" for "about:blank"
1503341285344	Marionette	DEBUG	Received DOM event "unload" for "about:blank"
1503341286830	Marionette	DEBUG	Received DOM event "DOMContentLoaded" for "http://www.biselahore.com/"
1503341286893	Marionette	DEBUG	Received DOM event "pageshow" for "http://www.biselahore.com/"
1503341287819	Marionette	DEBUG	Canceled page load listener because no navigation has been detected
1503341287890	Marionette	DEBUG	loaded listener.js
1503341342213	addons.productaddons	INFO	sending request to: https://aus5.mozilla.org/update/3/GMP/54.0.1/20170628075643/WINNT_x86-msvc-x64/en-US/release/Windows_NT%2010.0.0.0%20(x64)/default/default/update.xml
1503341347611	addons.productaddons	INFO	sending request to: https://aus5.mozilla.org/update/3/GMP/54.0.1/20170628075643/WINNT_x86-msvc-x64/en-US/release/Windows_NT%2010.0.0.0%20(x64)/default/default/update.xml
1503341348048	addons.productaddons	INFO	Completed downloading document
1503341349026	addons.productaddons	INFO	Completed downloading document
1503341368051	addons.productaddons	INFO	downloadXHR File download. status=200
1503341368075	addons.productaddons	INFO	Downloaded file will be saved to C:\Users\imhas\AppData\Local\Temp\tmpaddon
1503341386823	addons.productaddons	INFO	downloadXHR File download. status=200
1503341386831	addons.productaddons	INFO	Downloaded file will be saved to C:\Users\imhas\AppData\Local\Temp\tmpaddon
[GPU 7604] WARNING: pipe error: 109: file c:/builds/moz2_slave/m-rel-w32-00000000000000000000/build/src/ipc/chromium/src/chrome/common/ipc_channel_win.cc, line 346
1503341417999	addons.xpi	DEBUG	Calling bootstrap method shutdown on webcompat@mozilla.org version 1.1
1503341418002	addons.xpi	DEBUG	Calling bootstrap method shutdown on screenshots@mozilla.org version 6.6.0
1503341418003	addons.xpi	DEBUG	Calling bootstrap method shutdown on firefox@getpocket.com version 1.0.5
1503341418004	addons.xpi	DEBUG	Calling bootstrap method shutdown on e10srollout@mozilla.org version 1.50
1503341418005	addons.xpi	DEBUG	Calling bootstrap method shutdown on aushelper@mozilla.org version 2.0
1503341418070	addons.productaddons	WARN	Failed downloading via XHR, status: 0, reason: error
1503341418073	addons.productaddons	WARN	Failed downloading via XHR, status: 0, reason: error
1503341418248	addons.manager	DEBUG	shutdown
1503341418249	addons.manager	DEBUG	Calling shutdown blocker for XPIProvider
1503341418250	addons.xpi	DEBUG	shutdown
1503341418250	addons.xpi-utils	DEBUG	shutdown
1503341418251	addons.manager	DEBUG	Calling shutdown blocker for LightweightThemeManager
1503341418251	addons.manager	DEBUG	Calling shutdown blocker for GMPProvider
1503341418255	addons.manager	DEBUG	Calling shutdown blocker for PluginProvider
1503341418255	addons.manager	DEBUG	Calling shutdown blocker for <unnamed-provider>
1503341418257	addons.manager	DEBUG	Calling shutdown blocker for PreviousExperimentProvider
1503341418260	addons.xpi	DEBUG	Notifying XPI shutdown observers
1503341418269	addons.manager	DEBUG	Async provider shutdown done
1503341418672	Marionette	INFO	Ceased listening

###!!! [Child][MessageChannel::SendAndWait] Error: Channel error: cannot send/recv

